<?xml version="1.0" encoding="UTF-8"?>
<testng-results ignored="0" total="4" passed="4" failed="0" skipped="0">
  <reporter-output>
  </reporter-output>
  <suite started-at="2022-07-26T13:01:27 IST" name="Suite" finished-at="2022-07-26T13:02:43 IST" duration-ms="75848">
    <groups>
    </groups>
    <test started-at="2022-07-26T13:01:27 IST" name="navigationpage" finished-at="2022-07-26T13:01:47 IST" duration-ms="19592">
      <class name="Academy.navigationbutton">
        <test-method is-config="true" signature="initialize()[pri:0, instance:Academy.navigationbutton@7c2b6087]" started-at="2022-07-26T13:01:27 IST" name="initialize" finished-at="2022-07-26T13:01:46 IST" duration-ms="19322" status="PASS">
          <reporter-output>
          </reporter-output>
        </test-method> <!-- initialize -->
        <test-method signature="homepageNavigation()[pri:0, instance:Academy.navigationbutton@7c2b6087]" started-at="2022-07-26T13:01:46 IST" name="homepageNavigation" finished-at="2022-07-26T13:01:46 IST" duration-ms="66" status="PASS">
          <reporter-output>
          </reporter-output>
        </test-method> <!-- homepageNavigation -->
        <test-method is-config="true" signature="terminate()[pri:0, instance:Academy.navigationbutton@7c2b6087]" started-at="2022-07-26T13:01:47 IST" name="terminate" finished-at="2022-07-26T13:01:47 IST" duration-ms="142" status="PASS">
          <reporter-output>
          </reporter-output>
        </test-method> <!-- terminate -->
      </class> <!-- Academy.navigationbutton -->
    </test> <!-- navigationpage -->
    <test started-at="2022-07-26T13:01:47 IST" name="homepagecoverage" finished-at="2022-07-26T13:02:24 IST" duration-ms="37032">
      <class name="Academy.Homepage">
        <test-method is-config="true" signature="initialize()[pri:0, instance:Academy.Homepage@64dafeed]" started-at="2022-07-26T13:01:47 IST" name="initialize" finished-at="2022-07-26T13:01:48 IST" duration-ms="1002" status="PASS">
          <reporter-output>
          </reporter-output>
        </test-method> <!-- initialize -->
        <test-method signature="homepageNavigation(java.lang.String,java.lang.String,java.lang.String)[pri:0, instance:Academy.Homepage@64dafeed]" started-at="2022-07-26T13:01:48 IST" name="homepageNavigation" data-provider="getdata" finished-at="2022-07-26T13:02:06 IST" duration-ms="17873" status="PASS">
          <params>
            <param index="0">
              <value>
                <![CDATA[ranjith@gmail.com]]>
              </value>
            </param>
            <param index="1">
              <value>
                <![CDATA[12421]]>
              </value>
            </param>
            <param index="2">
              <value>
                <![CDATA[non-restricteduser]]>
              </value>
            </param>
          </params>
          <reporter-output>
          </reporter-output>
        </test-method> <!-- homepageNavigation -->
        <test-method signature="homepageNavigation(java.lang.String,java.lang.String,java.lang.String)[pri:0, instance:Academy.Homepage@64dafeed]" started-at="2022-07-26T13:02:06 IST" name="homepageNavigation" data-provider="getdata" finished-at="2022-07-26T13:02:24 IST" duration-ms="18037" status="PASS">
          <params>
            <param index="0">
              <value>
                <![CDATA[madhan@gmail.com]]>
              </value>
            </param>
            <param index="1">
              <value>
                <![CDATA[12345]]>
              </value>
            </param>
            <param index="2">
              <value>
                <![CDATA[restricteduser]]>
              </value>
            </param>
          </params>
          <reporter-output>
          </reporter-output>
        </test-method> <!-- homepageNavigation -->
        <test-method is-config="true" signature="terminate()[pri:0, instance:Academy.Homepage@64dafeed]" started-at="2022-07-26T13:02:24 IST" name="terminate" finished-at="2022-07-26T13:02:24 IST" duration-ms="107" status="PASS">
          <reporter-output>
          </reporter-output>
        </test-method> <!-- terminate -->
      </class> <!-- Academy.Homepage -->
    </test> <!-- homepagecoverage -->
    <test started-at="2022-07-26T13:02:24 IST" name="validatingtitle" finished-at="2022-07-26T13:02:43 IST" duration-ms="18757">
      <class name="Academy.validateTitle">
        <test-method is-config="true" signature="initialize()[pri:0, instance:Academy.validateTitle@3d484181]" started-at="2022-07-26T13:02:24 IST" name="initialize" finished-at="2022-07-26T13:02:43 IST" duration-ms="18573" status="PASS">
          <reporter-output>
          </reporter-output>
        </test-method> <!-- initialize -->
        <test-method signature="homepageNavigation()[pri:0, instance:Academy.validateTitle@3d484181]" started-at="2022-07-26T13:02:43 IST" name="homepageNavigation" finished-at="2022-07-26T13:02:43 IST" duration-ms="41" status="PASS">
          <reporter-output>
          </reporter-output>
        </test-method> <!-- homepageNavigation -->
        <test-method is-config="true" signature="terminate()[pri:0, instance:Academy.validateTitle@3d484181]" started-at="2022-07-26T13:02:43 IST" name="terminate" finished-at="2022-07-26T13:02:43 IST" duration-ms="139" status="PASS">
          <reporter-output>
          </reporter-output>
        </test-method> <!-- terminate -->
      </class> <!-- Academy.validateTitle -->
    </test> <!-- validatingtitle -->
  </suite> <!-- Suite -->
</testng-results>
